<?xml version="1.0" encoding="UTF-8"?>
<!-- Generated by org.testng.reporters.JUnitReportReporter -->
<testsuite skipped="0" hostname="DESKTOP-RI8CTLM" name="EQcare.EQcare.Supportpage" tests="1" failures="0" timestamp="2020-10-17T21:31:06 EDT" time="3.471" errors="0">
  <testcase name="Click_Contact_support" time="3.471" classname="EQcare.EQcare.Supportpage"/>
  <system-out/>
</testsuite> <!-- EQcare.EQcare.Supportpage -->
