<?xml version="1.0" encoding="UTF-8"?>
<!-- Generated by org.testng.reporters.JUnitReportReporter -->
<testsuite skipped="0" hostname="DESKTOP-RI8CTLM" name="EQcare.EQcare.Submission_successful" tests="1" failures="0" timestamp="2020-10-17T21:31:06 EDT" time="10.009" errors="0">
  <testcase name="Submit_Contact_support" time="10.009" classname="EQcare.EQcare.Submission_successful"/>
  <system-out/>
</testsuite> <!-- EQcare.EQcare.Submission_successful -->
